pos_android_studio_demo/pos_android_studio_app/proguard/seeds.txt
com.dspread.demoui.widget.InnerListview: InnerListview(android.content.Context,android.util.AttributeSet,int)
com.dspread.demoui.activities.CommunicationTestActivity: CommunicationTestActivity()
com.dspread.demoui.BaseApplication
com.dspread.demoui.activities.OtherActivity$POS_TYPE: com.dspread.demoui.activities.OtherActivity$POS_TYPE BLUETOOTH
com.dspread.demoui.activities.MainActivity$POS_TYPE: com.dspread.demoui.activities.MainActivity$POS_TYPE BLUETOOTH_BLE
com.dspread.demoui.activities.WelcomeActivity: void onClick(android.view.View)
com.dspread.demoui.injectKey.Poskeys$RSA_KEY_LEN: com.dspread.demoui.injectKey.Poskeys$RSA_KEY_LEN valueOf(java.lang.String)
com.dspread.demoui.activities.OtherActivity$POS_TYPE: com.dspread.demoui.activities.OtherActivity$POS_TYPE USB
com.dspread.demoui.widget.InnerListview
com.dspread.demoui.activities.OtherActivity$POS_TYPE: com.dspread.demoui.activities.OtherActivity$POS_TYPE[] values()
com.dspread.demoui.activities.MainActivity
com.dspread.demoui.utils.DUKPK2009_CBC$Enum_key: com.dspread.demoui.utils.DUKPK2009_CBC$Enum_key[] values()
com.dspread.demoui.activities.WelcomeActivity
com.dspread.demoui.activities.OtherActivity$POS_TYPE: com.dspread.demoui.activities.OtherActivity$POS_TYPE valueOf(java.lang.String)
com.dspread.demoui.activities.MainActivity: MainActivity()
com.dspread.demoui.activities.OtherActivity: OtherActivity()
com.dspread.demoui.activities.OtherActivity$POS_TYPE: com.dspread.demoui.activities.OtherActivity$POS_TYPE AUDIO
com.dspread.demoui.activities.MainActivity$POS_TYPE: com.dspread.demoui.activities.MainActivity$POS_TYPE AUDIO
com.dspread.demoui.injectKey.Poskeys$RSA_KEY_LEN: com.dspread.demoui.injectKey.Poskeys$RSA_KEY_LEN RSA_KEY_2048
com.dspread.demoui.activities.CommunicationTestActivity: void onClick(android.view.View)
com.dspread.demoui.utils.DUKPK2009_CBC$Enum_mode: com.dspread.demoui.utils.DUKPK2009_CBC$Enum_mode[] values()
com.dspread.demoui.activities.MainActivity$POS_TYPE: com.dspread.demoui.activities.MainActivity$POS_TYPE[] values()
com.dspread.demoui.activities.BaseActivity: BaseActivity()
com.dspread.demoui.activities.WelcomeActivity: WelcomeActivity()
com.dspread.demoui.activities.MainActivity$POS_TYPE: com.dspread.demoui.activities.MainActivity$POS_TYPE USB
com.dspread.demoui.injectKey.Poskeys$RSA_KEY_LEN: com.dspread.demoui.injectKey.Poskeys$RSA_KEY_LEN[] values()
com.dspread.demoui.utils.DUKPK2009_CBC$Enum_key: com.dspread.demoui.utils.DUKPK2009_CBC$Enum_key DATA
com.dspread.demoui.activities.OtherActivity$POS_TYPE: com.dspread.demoui.activities.OtherActivity$POS_TYPE OTG
com.dspread.demoui.widget.InnerListview: InnerListview(android.content.Context)
com.dspread.demoui.activities.BaseActivity
com.dspread.demoui.activities.OtherActivity$POS_TYPE: com.dspread.demoui.activities.OtherActivity$POS_TYPE UART
com.dspread.demoui.injectKey.Poskeys$RSA_KEY_LEN: com.dspread.demoui.injectKey.Poskeys$RSA_KEY_LEN RSA_KEY_1024
com.dspread.demoui.utils.DUKPK2009_CBC$Enum_mode: com.dspread.demoui.utils.DUKPK2009_CBC$Enum_mode CBC
com.dspread.demoui.utils.DUKPK2009_CBC$Enum_key: com.dspread.demoui.utils.DUKPK2009_CBC$Enum_key PIN
com.dspread.demoui.utils.DUKPK2009_CBC$Enum_mode: com.dspread.demoui.utils.DUKPK2009_CBC$Enum_mode valueOf(java.lang.String)
com.dspread.demoui.activities.OtherActivity$POS_TYPE: com.dspread.demoui.activities.OtherActivity$POS_TYPE BLUETOOTH_BLE
com.dspread.demoui.activities.OtherActivity
com.dspread.demoui.activities.MainActivity$POS_TYPE: com.dspread.demoui.activities.MainActivity$POS_TYPE OTG
com.dspread.demoui.utils.DUKPK2009_CBC$Enum_key: com.dspread.demoui.utils.DUKPK2009_CBC$Enum_key DATA_VARIANT
com.dspread.demoui.utils.DUKPK2009_CBC$Enum_key: com.dspread.demoui.utils.DUKPK2009_CBC$Enum_key MAC
com.dspread.demoui.activities.CommunicationTestActivity
com.dspread.demoui.utils.DUKPK2009_CBC$Enum_mode: com.dspread.demoui.utils.DUKPK2009_CBC$Enum_mode ECB
...
org.bouncycastle.jcajce.provider.symmetric.AES$CBC: AES$CBC()
org.bouncycastle.jce.provider.JDKDSAPublicKey: JDKDSAPublicKey(java.security.spec.DSAPublicKeySpec)
android.support.design.widget.TabLayout: void setInlineLabelResource(int)
org.bouncycastle.crypto.digests.SHA256Digest: int H2
org.bouncycastle.asn1.crmf.SubsequentMessage
org.bouncycastle.jce.spec.ECParameterSpec: ECParameterSpec(org.bouncycastle.math.ec.ECCurve,org.bouncycastle.math.ec.ECPoint,java.math.BigInteger,java.math.BigInteger)
com.dspread.xpos.bt2mode.dbridge.a: int yn
org.bouncycastle.asn1.cms.OriginatorInfo: org.bouncycastle.asn1.cms.OriginatorInfo getInstance(java.lang.Object)
org.bouncycastle.pqc.crypto.gmss.GMSSRootCalc
org.bouncycastle.asn1.dvcs.TargetEtcChain: org.bouncycastle.asn1.dvcs.PathProcInput getPathProcInput()
com.dspread.xpos.QPOSService: void setUsbSerialDriver(com.dspread.xpos.QPOSService$UsbOTGDriver)
com.dspread.xpos.BLE.a: java.util.List e()
org.bouncycastle.asn1.x509.X509NameTokenizer: X509NameTokenizer(java.lang.String)
org.bouncycastle.jce.provider.X509CertificateObject: org.bouncycastle.jce.interfaces.PKCS12BagAttributeCarrier attrCarrier
org.bouncycastle.asn1.IndefiniteLengthInputStream: int _b2
android.support.v4.widget.DrawerLayout: float getDrawerElevation()
org.bouncycastle.jcajce.provider.asymmetric.rsa.BCRSAPrivateCrtKey: java.math.BigInteger primeP
org.bouncycastle.asn1.cmp.PKIFailureInfo: int badCertId
org.bouncycastle.crypto.prng.EntropyUtil: byte[] generateSeed(org.bouncycastle.crypto.prng.EntropySource,int)
com.dspread.xpos.y: java.lang.String g(com.dspread.xpos.bf,java.lang.String,int)
android.support.v7.appcompat.R$styleable: int AppCompatTheme_actionMenuTextColor
org.bouncycastle.crypto.tls.TlsUtils: void writeUint8(short,byte[],int)
org.bouncycastle.jcajce.provider.asymmetric.ecgost.KeyFactorySpi: KeyFactorySpi()
com.dspread.xpos.QPOSService$48: com.dspread.xpos.QPOSService jS
org.bouncycastle.math.ec.custom.sec.SecT571R1Curve: org.bouncycastle.math.ec.custom.sec.SecT571R1Point infinity
com.dspread.xpos.bd: void closeUart()
org.bouncycastle.math.ec.WTauNafMultiplier$1: WTauNafMultiplier$1(org.bouncycastle.math.ec.ECPoint$AbstractF2m,byte)
com.dspread.xpos.otg.c: android.hardware.usb.UsbDevice Bx
com.dspread.xpos.QPOSService: byte[] dataInterchange(byte[],int)
org.bouncycastle.asn1.mozilla.PublicKeyAndChallenge: org.bouncycastle.asn1.DERIA5String challenge
org.bouncycastle.crypto.modes.KCCMBlockCipher: void processAAD(byte[],int,int,int)
com.dspread.xpos.as: com.dspread.xpos.QPOSService an
android.support.design.R$styleable: int AppCompatTheme_panelMenuListWidth
org.bouncycastle.math.ec.custom.sec.SecT193R2Curve: org.bouncycastle.math.ec.ECPoint createRawPoint(org.bouncycastle.math.ec.ECFieldElement,org.bouncycastle.math.ec.ECFieldElement,org.bouncycastle.math.ec.ECFieldElement[],boolean)
android.support.design.R$styleable: int LinearLayoutCompat_Layout_android_layout_gravity
com.dspread.xpos.av: boolean dc()
org.bouncycastle.jcajce.provider.asymmetric.dsa.BCDSAPublicKey: org.bouncycastle.crypto.params.DSAPublicKeyParameters lwKeyParams
org.bouncycastle.asn1.tsp.TSTInfo: org.bouncycastle.asn1.ASN1Boolean getOrdering()
org.bouncycastle.math.ec.ECCurve$Config: ECCurve$Config(org.bouncycastle.math.ec.ECCurve,int,org.bouncycastle.math.ec.endo.ECEndomorphism,org.bouncycastle.math.ec.ECMultiplier)
org.bouncycastle.pqc.jcajce.provider.newhope.BCNHPrivateKey: boolean equals(java.lang.Object)
org.bouncycastle.crypto.tls.DTLSReliableHandshake$1: DTLSReliableHandshake$1(org.bouncycastle.crypto.tls.DTLSReliableHandshake)
org.bouncycastle.jcajce.provider.digest.Skein$SkeinMacKeyGenerator_512_512
org.bouncycastle.pqc.jcajce.provider.xmss.XMSSMTSignatureSpi
org.bouncycastle.crypto.paddings.PKCS7Padding: void init(java.security.SecureRandom)
android.support.design.R$styleable: int Chip_closeIconVisible