pos_android_studio_demo/pos_android_studio_app/proguard/mapping.txt
# compiler: R8
# compiler_version: 1.6.67
# min_api: 17
# pg_map_id: 118dd2a
# common_typos_disable
com.dspread.demoui.USBClass -> com.dspread.demoui.a:
    android.content.BroadcastReceiver mUsbReceiver -> a
    android.hardware.usb.UsbManager mManager -> b
    java.util.HashMap mdevices -> c
    android.app.PendingIntent mPermissionIntent -> d
    java.util.ArrayList GetUSBDevices(android.content.Context) -> a
    java.util.HashMap getMdevices() -> a
com.dspread.demoui.USBClass$1 -> com.dspread.demoui.a$a:
com.dspread.demoui.activities.BaseActivity -> com.dspread.demoui.activities.BaseActivity:
    android.widget.TextView txt_toolbar_title -> r
    android.support.v7.widget.Toolbar toolbar -> q
    void access$000(com.dspread.demoui.activities.BaseActivity,android.view.View,android.view.ViewTreeObserver$OnGlobalLayoutListener) -> a
    void removeOnGlobalLayoutListener(android.view.View,android.view.ViewTreeObserver$OnGlobalLayoutListener) -> a
    void setOverflowButtonColor(android.app.Activity,android.graphics.PorterDuffColorFilter) -> a
    void setTitle(java.lang.String) -> a
    void setStatusBarColor(int) -> c
    void setToolbarBgColor(int) -> d
    void setToolbarIconColor(int) -> e
    int getLayoutId() -> l
    boolean isAboveKITKAT() -> m
    void onToolbarLinstener() -> n
    void setDefaultToolbarColor() -> o
com.dspread.demoui.activities.BaseActivity$1 -> com.dspread.demoui.activities.BaseActivity$a:
    com.dspread.demoui.activities.BaseActivity this$0 -> a
com.dspread.demoui.activities.BaseActivity$2 -> com.dspread.demoui.activities.BaseActivity$b:
    android.graphics.PorterDuffColorFilter val$colorFilter -> c
    android.view.View val$innerView -> a
    int val$finalK -> b
com.dspread.demoui.activities.BaseActivity$3 -> com.dspread.demoui.activities.BaseActivity$c:
    android.view.ViewGroup val$decorView -> a
    com.dspread.demoui.activities.BaseActivity this$0 -> d
    android.graphics.PorterDuffColorFilter val$colorFilter -> c
    java.lang.String val$overflowDescription -> b
com.dspread.demoui.activities.CommunicationTestActivity -> com.dspread.demoui.activities.CommunicationTestActivity:
    android.widget.Button btn_led_gre -> y
    android.widget.Button btn_red_led -> x
    com.dspread.xpos.QPOSService pos -> G
    android.widget.Button btn_psam -> w
    android.widget.Button btn_mcr -> v
    android.widget.Button btn_icc -> z
    android.widget.Button btn_buzzer -> u
    android.widget.Button btn_yel_led -> t
    android.widget.Button btn_blu_led -> s
    android.widget.Button btn_nfc -> A
    android.widget.TextView txt_result -> F
    android.widget.Button btn_reset_pos -> E
    android.widget.Button btn_led -> D
    android.widget.Button btn_hardware_check -> C
    android.widget.Button btn_get_version -> B
    android.widget.TextView access$000(com.dspread.demoui.activities.CommunicationTestActivity) -> a
    com.dspread.xpos.QPOSService access$100(com.dspread.demoui.activities.CommunicationTestActivity) -> b
    int getLayoutId() -> l
    void onToolbarLinstener() -> n
    void initData() -> p
    void initView() -> q
    void open() -> r
com.dspread.demoui.activities.CommunicationTestActivity$MyQposClass -> com.dspread.demoui.activities.CommunicationTestActivity$a:
    com.dspread.demoui.activities.CommunicationTestActivity this$0 -> a
...
android.support.design.transformation.FabTransformationBehavior$4 -> android.support.design.transformation.FabTransformationBehavior$d:
    android.support.design.circularreveal.CircularRevealWidget val$circularRevealChild -> a
android.support.design.transformation.FabTransformationBehavior$FabTransformationSpec -> android.support.design.transformation.FabTransformationBehavior$e:
    android.support.design.animation.Positioning positioning -> b
    android.support.design.animation.MotionSpec timings -> a
android.support.design.transformation.FabTransformationScrimBehavior -> android.support.design.transformation.FabTransformationScrimBehavior:
    android.support.design.animation.MotionTiming expandTiming -> c
    android.support.design.animation.MotionTiming collapseTiming -> d
    void createScrimAnimation(android.view.View,boolean,boolean,java.util.List,java.util.List) -> a
    boolean layoutDependsOn(android.support.design.widget.CoordinatorLayout,android.view.View,android.view.View) -> a
    android.animation.AnimatorSet onCreateExpandedStateChangeAnimation(android.view.View,android.view.View,boolean,boolean) -> b
    boolean onTouchEvent(android.support.design.widget.CoordinatorLayout,android.view.View,android.view.MotionEvent) -> b
android.support.design.transformation.FabTransformationScrimBehavior$1 -> android.support.design.transformation.FabTransformationScrimBehavior$a:
    android.view.View val$child -> b
    boolean val$expanded -> a
android.support.design.transformation.FabTransformationSheetBehavior -> android.support.design.transformation.FabTransformationSheetBehavior:
    java.util.Map importantForAccessibilityMap -> g
    android.support.design.transformation.FabTransformationBehavior$FabTransformationSpec onCreateMotionSpec(android.content.Context,boolean) -> a
    boolean onExpandedStateChange(android.view.View,android.view.View,boolean,boolean) -> a
    void updateImportantForAccessibility(android.view.View,boolean) -> a
android.support.design.widget.AppBarLayout -> android.support.design.widget.AppBarLayout:
    boolean liftable -> j
    boolean lifted -> k
    boolean liftOnScroll -> l
    int pendingAction -> e
    java.util.List listeners -> g
    boolean liftableOverride -> h
    int downPreScrollRange -> b
    int downScrollRange -> c
    android.support.v4.view.WindowInsetsCompat lastInsets -> f
    int totalScrollRange -> a
    boolean haveChildWithInterpolator -> d
    int[] tmpStatesArray -> m
    void addOnOffsetChangedListener(android.support.design.widget.AppBarLayout$BaseOnOffsetChangedListener) -> a
    void addOnOffsetChangedListener(android.support.design.widget.AppBarLayout$OnOffsetChangedListener) -> a
    void dispatchOffsetUpdates(int) -> a
    boolean hasChildWithInterpolator() -> a
    android.support.v4.view.WindowInsetsCompat onWindowInsetChanged(android.support.v4.view.WindowInsetsCompat) -> a
    void setExpanded(boolean,boolean,boolean) -> a
    boolean setLiftedState(boolean) -> a
    boolean hasScrollableChildren() -> b
    void removeOnOffsetChangedListener(android.support.design.widget.AppBarLayout$BaseOnOffsetChangedListener) -> b
    void removeOnOffsetChangedListener(android.support.design.widget.AppBarLayout$OnOffsetChangedListener) -> b
    boolean setLiftableState(boolean) -> b
    boolean isLiftOnScroll() -> c
    void resetPendingAction() -> d
    boolean hasCollapsibleChild() -> e
    void invalidateScrollRanges() -> f
android.support.design.widget.AppBarLayout$1 -> android.support.design.widget.AppBarLayout$a:
    android.support.design.widget.AppBarLayout this$0 -> a
    android.support.v4.view.WindowInsetsCompat onApplyWindowInsets(android.view.View,android.support.v4.view.WindowInsetsCompat) -> a