pos_android_studio_demo/pos_android_studio_app/proguard/unused.txt
com.dspread.demoui.injectKey.Envelope:
    public void <init>()
    public static java.lang.String bytesToHexString(byte[])
    public static void main(java.lang.String[])
    public static java.lang.String getDigitalEnvelopStr(java.io.InputStream,com.dspread.demoui.injectKey.DukptKeys,com.dspread.demoui.injectKey.Poskeys$RSA_KEY_LEN)
    public static java.lang.String getDigitalEnvelopStr(java.io.InputStream,com.dspread.demoui.injectKey.DukptKeys)
    public byte[] readMessageFile(java.lang.String)
    public byte[] sha1(byte[])
    public byte[] sha1(java.lang.String)
com.dspread.demoui.R$interpolator
com.dspread.demoui.utils.CreateSecretKey
com.dspread.demoui.R$styleable
com.dspread.demoui.R$animator
com.dspread.demoui.xmlparse.TagApp
com.dspread.demoui.utils.PreferenceUtil:
    public void <init>()
    public static void putLong(android.content.Context,java.lang.String,long)
    public static long getLong(android.content.Context,java.lang.String,long)
    public static boolean getBoolean(android.content.Context,java.lang.String,boolean)
com.dspread.demoui.xmlparse.TagCapk
com.dspread.demoui.utils.GPSUtils$OnLocationResultListener
com.dspread.demoui.utils.TLVParser:
    public void <init>()
    public static java.util.List parse(java.lang.String)
    private static java.util.List getTLVList(byte[])
    public static java.util.List parseWithoutValue(java.lang.String)
    private static java.util.List getTLVListWithoutValue(byte[])
    protected static java.lang.String toHexString(byte[])
    public static com.dspread.demoui.utils.TLV searchTLV(java.util.List,java.lang.String)
    public static void main(java.lang.String[])
com.dspread.demoui.xmlparse.BaseTag
com.dspread.demoui.R$id
com.dspread.demoui.xmlparse.SAXParserHandler
com.dspread.demoui.utils.PemUnpackUtil
com.dspread.demoui.R$drawable
com.dspread.demoui.R$menu
com.dspread.demoui.injectKey.TDES:
    public void <init>()
    public static byte[] desEncypt(byte[],byte[])
    public static byte[] desDecrypt(byte[],byte[])
    public static byte[] tdesEncypt(byte[],byte[])
    public static byte[] tdesDecrypt(byte[],byte[])
    public static byte[] tdesCBCDecrypt(byte[],byte[])
    public static byte[] tdesECBEncypt(byte[],byte[])
    public static void main(java.lang.String[])
    public static byte[] parseHexStr2Byte(java.lang.String)
    public static java.lang.String parseByte2HexStr(byte[])
com.dspread.demoui.injectKey.Utils:
    public void <init>()
    public static java.lang.String toHex(byte[],int)
    public static java.lang.String toHex(byte[])
    public static int byte2Int(byte[])
com.dspread.demoui.R$string
com.dspread.demoui.utils.ConfigUtil:
    public void <init>()
    public static void saveUpdateEmvStatis(android.content.Context,boolean)
    public static boolean getUpdateEmvStatis(android.content.Context)
    public static boolean hasReadXml(android.content.Context)
com.dspread.demoui.injectKey.DukptKeys:
    public void <init>(java.lang.String,java.lang.String,java.lang.String,java.lang.String,java.lang.String,java.lang.String,java.lang.String,java.lang.String)
    public void setTrackipek(java.lang.String)
    public void setEmvipek(java.lang.String)
    public void setPinipek(java.lang.String)
    public void setTrackksn(java.lang.String)
    public void setEmvksn(java.lang.String)
    public void setPinksn(java.lang.String)
    public void setTmk(java.lang.String)
...
android.support.v4.provider.TreeDocumentFile
android.support.v4.view.NestedScrollingChild2:
    public abstract boolean startNestedScroll(int,int)
    public abstract boolean hasNestedScrollingParent(int)
    public abstract boolean dispatchNestedScroll(int,int,int,int,int[],int)
    public abstract boolean dispatchNestedPreScroll(int,int,int[],int[],int)
android.support.v7.util.AsyncListUtil
android.support.v7.widget.LinearSnapHelper
android.support.v7.widget.helper.ItemTouchHelper$Callback$1
android.support.design.bottomnavigation.LabelVisibilityMode
xcrash.NativeHandler:
    void testNativeCrash(boolean)
android.support.transition.ViewGroupUtilsApi18:
    private void <init>()
    private static final java.lang.String TAG
android.support.design.widget.BaseTransientBottomBar$5
android.support.v7.view.menu.MenuDialogHelper:
    public void setPresenterCallback(android.support.v7.view.menu.MenuPresenter$Callback)
android.support.asynclayoutinflater.R
android.support.v7.widget.RecyclerView$ViewFlinger:
    public void smoothScrollBy(int,int)
    public void smoothScrollBy(int,int,int,int)
    public void smoothScrollBy(int,int,int)
android.support.v7.util.MessageThreadUtil$1$1
android.support.v7.widget.AppCompatTextViewAutoSizeHelper:
    private static final java.lang.String TAG
    private static final int DEFAULT_AUTO_SIZE_MIN_TEXT_SIZE_IN_SP
    private static final int DEFAULT_AUTO_SIZE_MAX_TEXT_SIZE_IN_SP
    private static final int DEFAULT_AUTO_SIZE_GRANULARITY_IN_PX
    static final float UNSET_AUTO_SIZE_UNIFORM_CONFIGURATION_VALUE
    private static final int VERY_WIDE
android.support.v7.widget.ListPopupWindow$1
android.support.loader.R$id
android.support.asynclayoutinflater.R$string
android.support.compat.R$attr:
    private void <init>()
android.support.v4.provider.FontsContractCompat$FontRequestCallback
android.support.v7.content.res.AppCompatResources:
    private void <init>()
    private static final java.lang.String LOG_TAG
android.support.swiperefreshlayout.R$string
androidx.versionedparcelable.VersionedParcel:
    private void writeCollection(java.util.Collection,int)
    private int getType(java.lang.Object)
    private void writeSerializable(java.io.Serializable)
    private int readExceptionCode()
    private java.lang.Exception readException(int,java.lang.String)
    protected static java.lang.Throwable getRootCause(java.lang.Throwable)
    private java.lang.Exception createException(int,java.lang.String)
    private java.util.Collection readCollection(int,java.util.Collection)
    protected abstract void writeByteArray(byte[],int,int)
    protected abstract void writeLong(long)
    protected abstract void writeFloat(float)
    protected abstract void writeDouble(double)
    protected abstract void writeStrongBinder(android.os.IBinder)
    protected abstract void writeBoolean(boolean)
    protected abstract void writeStrongInterface(android.os.IInterface)
    protected abstract void writeBundle(android.os.Bundle)
    protected abstract long readLong()
    protected abstract float readFloat()
    protected abstract double readDouble()
    protected abstract android.os.IBinder readStrongBinder()
    protected abstract android.os.Bundle readBundle()
    protected abstract boolean readBoolean()
    public void writeStrongInterface(android.os.IInterface,int)
    public void writeBundle(android.os.Bundle,int)
    public void writeBoolean(boolean,int)
    public void writeByteArray(byte[],int,int,int)
    public void writeLong(long,int)